==================== PI HEALTH REPORT ====================
2026-03-12 13:00:01

===================== SYSTEM INFORMATION =================
Hostname: raspberrypi
Uptime: up 9 minutes

===================== CPU USAGE =================
CPU Load: 30.8%

===================== MEMORY USAGE =================
Memory Usage: 10.54%

===================== DISK USAGE =================
Disk Usage: 31%

===================== NETWORK =================
Received: 115733 bytes
Transmitted: 78956 bytes

===================== TEMPERATURE =================
CPU Temperature: 29.2'C

===================== SERVICES STATUS =================
SSH Service: active

===================== END OF REPORT =================



==================== PI HEALTH REPORT ====================
2026-03-12 14:00:02

===================== SYSTEM INFORMATION =================
Hostname: raspberrypi
Uptime: up 1 hour, 9 minutes

===================== CPU USAGE =================
CPU Load: 16.7%

===================== MEMORY USAGE =================
Memory Usage: 10.65%

===================== DISK USAGE =================
Disk Usage: 31%

===================== NETWORK =================
Received: 305046 bytes
Transmitted: 164300 bytes

===================== TEMPERATURE =================
CPU Temperature: 30.1'C

===================== SERVICES STATUS =================
SSH Service: active

===================== END OF REPORT =================



==================== PI HEALTH REPORT ====================
2026-03-12 15:00:01

===================== SYSTEM INFORMATION =================
Hostname: raspberrypi
Uptime: up 17 minutes

===================== CPU USAGE =================
CPU Load: 22.2%

===================== MEMORY USAGE =================
Memory Usage: 12.76%

===================== DISK USAGE =================
Disk Usage: 31%

===================== NETWORK =================
Received: 1117289 bytes
Transmitted: 770413 bytes

===================== TEMPERATURE =================
CPU Temperature: 30.6'C

===================== SERVICES STATUS =================
SSH Service: active

===================== END OF REPORT =================



==================== PI HEALTH REPORT ====================
2026-03-12 16:00:01

===================== SYSTEM INFORMATION =================
Hostname: raspberrypi
Uptime: up 49 minutes

===================== CPU USAGE =================
CPU Load: 25%

===================== MEMORY USAGE =================
Memory Usage: 20.90%

===================== DISK USAGE =================
Disk Usage: 32%

===================== NETWORK =================
Received: 9981967 bytes
Transmitted: 1158206 bytes

===================== TEMPERATURE =================
CPU Temperature: 33.6'C

===================== SERVICES STATUS =================
SSH Service: active

===================== END OF REPORT =================