==================== PI HEALTH REPORT ====================
2026-03-11 16:19:43

===================== SYSTEM INFORMATION =================
Hostname: raspberrypi
Uptime: up 2 hours, 8 minutes

===================== CPU USAGE =================
CPU Load: 20%

===================== MEMORY USAGE =================
Memory Usage: 10.46%

===================== DISK USAGE =================
Disk Usage: 31%

===================== NETWORK =================
Received: 1014683 bytes
Transmitted: 1188161 bytes

===================== TEMPERATURE =================
CPU Temperature: 30.6'C

===================== SERVICES STATUS =================
SSH Service: active

===================== END OF REPORT =================



==================== PI HEALTH REPORT ====================
2026-03-11 16:19:45

===================== SYSTEM INFORMATION =================
Hostname: raspberrypi
Uptime: up 2 hours, 8 minutes

===================== CPU USAGE =================
CPU Load: 25%

===================== MEMORY USAGE =================
Memory Usage: 10.54%

===================== DISK USAGE =================
Disk Usage: 31%

===================== NETWORK =================
Received: 1014963 bytes
Transmitted: 1188657 bytes

===================== TEMPERATURE =================
CPU Temperature: 30.1'C

===================== SERVICES STATUS =================
SSH Service: active

===================== END OF REPORT =================
